  [1m[35m (6.1ms)[0m  [1m[34mSELECT sqlite_version(*)[0m
  [1m[35m (1.6ms)[0m  [1m[35mCREATE TABLE "schema_migrations" ("version" varchar NOT NULL PRIMARY KEY)[0m
  [1m[35m (1.3ms)[0m  [1m[35mCREATE TABLE "ar_internal_metadata" ("key" varchar NOT NULL PRIMARY KEY, "value" varchar, "created_at" datetime(6) NOT NULL, "updated_at" datetime(6) NOT NULL)[0m
  [1m[35m (0.2ms)[0m  [1m[34mSELECT "schema_migrations"."version" FROM "schema_migrations" ORDER BY "schema_migrations"."version" ASC[0m
Migrating to CreateUsers (20220520132143)
  [1m[36mTRANSACTION (0.1ms)[0m  [1m[36mbegin transaction[0m
  [1m[35m (0.6ms)[0m  [1m[35mCREATE TABLE "users" ("id" integer PRIMARY KEY AUTOINCREMENT NOT NULL, "name" varchar NOT NULL, "email" varchar NOT NULL, "password_digest" varchar NOT NULL, "created_at" datetime(6) NOT NULL, "updated_at" datetime(6) NOT NULL)[0m
  [1m[36mActiveRecord::SchemaMigration Create (0.2ms)[0m  [1m[32mINSERT INTO "schema_migrations" ("version") VALUES (?)[0m  [["version", "20220520132143"]]
  [1m[36mTRANSACTION (1.1ms)[0m  [1m[36mcommit transaction[0m
  [1m[36mActiveRecord::InternalMetadata Load (0.4ms)[0m  [1m[34mSELECT "ar_internal_metadata".* FROM "ar_internal_metadata" WHERE "ar_internal_metadata"."key" = ? LIMIT ?[0m  [["key", "environment"], ["LIMIT", 1]]
  [1m[36mTRANSACTION (0.2ms)[0m  [1m[36mbegin transaction[0m
  [1m[36mActiveRecord::InternalMetadata Create (1.0ms)[0m  [1m[32mINSERT INTO "ar_internal_metadata" ("key", "value", "created_at", "updated_at") VALUES (?, ?, ?, ?)[0m  [["key", "environment"], ["value", "development"], ["created_at", "2022-05-20 13:23:43.229333"], ["updated_at", "2022-05-20 13:23:43.229333"]]
  [1m[36mTRANSACTION (1.1ms)[0m  [1m[36mcommit transaction[0m
  [1m[35m (0.1ms)[0m  [1m[34mSELECT sqlite_version(*)[0m
  [1m[35m (0.3ms)[0m  [1m[34mSELECT "schema_migrations"."version" FROM "schema_migrations" ORDER BY "schema_migrations"."version" ASC[0m
  [1m[35m (1.8ms)[0m  [1m[34mSELECT sqlite_version(*)[0m
  [1m[35m (1.4ms)[0m  [1m[34mSELECT sqlite_version(*)[0m
  [1m[36mTRANSACTION (0.2ms)[0m  [1m[36mbegin transaction[0m
  [1m[36mUser Create (1.2ms)[0m  [1m[32mINSERT INTO "users" ("name", "email", "password_digest", "created_at", "updated_at") VALUES (?, ?, ?, ?, ?)[0m  [["name", "example"], ["email", "example@gmail.com"], ["password_digest", "foobar"], ["created_at", "2022-05-20 13:27:23.895920"], ["updated_at", "2022-05-20 13:27:23.895920"]]
  [1m[36mTRANSACTION (3.4ms)[0m  [1m[36mcommit transaction[0m
  [1m[36mUser Load (0.3ms)[0m  [1m[34mSELECT "users".* FROM "users" ORDER BY "users"."id" ASC LIMIT ?[0m  [["LIMIT", 1]]
  [1m[36mUser Load (0.3ms)[0m  [1m[34mSELECT "users".* FROM "users" ORDER BY "users"."id" ASC LIMIT ?[0m  [["LIMIT", 1]]
  [1m[36mUser Load (0.3ms)[0m  [1m[34mSELECT "users".* FROM "users" ORDER BY "users"."id" ASC LIMIT ?[0m  [["LIMIT", 1]]
  [1m[35m (1.6ms)[0m  [1m[34mSELECT sqlite_version(*)[0m
  [1m[36mUser Load (0.9ms)[0m  [1m[34mSELECT "users".* FROM "users" ORDER BY "users"."id" ASC LIMIT ?[0m  [["LIMIT", 1]]
  [1m[36mTRANSACTION (0.7ms)[0m  [1m[36mbegin transaction[0m
  [1m[36mUser Destroy (1.1ms)[0m  [1m[31mDELETE FROM "users" WHERE "users"."id" = ?[0m  [["id", 1]]
  [1m[36mTRANSACTION (1.3ms)[0m  [1m[36mcommit transaction[0m
  [1m[35m (1.8ms)[0m  [1m[34mSELECT sqlite_version(*)[0m
  [1m[36mUser Load (0.3ms)[0m  [1m[34mSELECT "users".* FROM "users" ORDER BY "users"."id" ASC LIMIT ?[0m  [["LIMIT", 1]]
  [1m[36mTRANSACTION (0.1ms)[0m  [1m[36mbegin transaction[0m
  [1m[36mUser Create (1.3ms)[0m  [1m[32mINSERT INTO "users" ("name", "email", "password_digest", "created_at", "updated_at") VALUES (?, ?, ?, ?, ?)[0m  [["name", "example"], ["email", "example@gmail.com"], ["password_digest", "foobar"], ["created_at", "2022-05-20 13:32:01.293938"], ["updated_at", "2022-05-20 13:32:01.293938"]]
  [1m[36mTRANSACTION (1.6ms)[0m  [1m[36mcommit transaction[0m
  [1m[36mUser Load (0.2ms)[0m  [1m[34mSELECT "users".* FROM "users" ORDER BY "users"."id" ASC LIMIT ?[0m  [["LIMIT", 1]]
  [1m[35m (2.1ms)[0m  [1m[34mSELECT sqlite_version(*)[0m
  [1m[36mUser Load (0.3ms)[0m  [1m[34mSELECT "users".* FROM "users" ORDER BY "users"."id" ASC LIMIT ?[0m  [["LIMIT", 1]]
  [1m[36mTRANSACTION (0.1ms)[0m  [1m[36mbegin transaction[0m
  [1m[36mUser Create (1.0ms)[0m  [1m[32mINSERT INTO "users" ("name", "email", "password_digest", "created_at", "updated_at") VALUES (?, ?, ?, ?, ?)[0m  [["name", "example2"], ["email", "example2@gmail.com"], ["password_digest", "foobar"], ["created_at", "2022-05-20 13:33:52.093239"], ["updated_at", "2022-05-20 13:33:52.093239"]]
  [1m[36mTRANSACTION (2.4ms)[0m  [1m[36mcommit transaction[0m
  [1m[36mUser Load (0.3ms)[0m  [1m[34mSELECT "users".* FROM "users" ORDER BY "users"."id" ASC LIMIT ? OFFSET ?[0m  [["LIMIT", 1], ["OFFSET", 2]]
  [1m[36mUser Load (0.3ms)[0m  [1m[34mSELECT "users".* FROM "users" ORDER BY "users"."id" ASC LIMIT ? OFFSET ?[0m  [["LIMIT", 1], ["OFFSET", 1]]
  [1m[36mUser Load (0.2ms)[0m  [1m[34mSELECT "users".* FROM "users" ORDER BY "users"."id" ASC LIMIT ? OFFSET ?[0m  [["LIMIT", 1], ["OFFSET", 1]]
  [1m[35m (2.3ms)[0m  [1m[34mSELECT sqlite_version(*)[0m
  [1m[35m (0.6ms)[0m  [1m[34mSELECT "schema_migrations"."version" FROM "schema_migrations" ORDER BY "schema_migrations"."version" ASC[0m
Migrating to CreateUsers (20220520134421)
  [1m[36mTRANSACTION (0.1ms)[0m  [1m[36mbegin transaction[0m
  [1m[35m (49.3ms)[0m  [1m[35mCREATE TABLE "users" ("id" integer PRIMARY KEY AUTOINCREMENT NOT NULL, "name" varchar, "email" varchar, "password_digest" varchar, "created_at" datetime(6) NOT NULL, "updated_at" datetime(6) NOT NULL)[0m
  [1m[36mTRANSACTION (0.1ms)[0m  [1m[31mrollback transaction[0m
  [1m[35m (1.0ms)[0m  [1m[34mSELECT sqlite_version(*)[0m
  [1m[36mTRANSACTION (0.2ms)[0m  [1m[36mbegin transaction[0m
  [1m[36mUser Create (1.7ms)[0m  [1m[32mINSERT INTO "users" ("name", "email", "password_digest", "created_at", "updated_at") VALUES (?, ?, ?, ?, ?)[0m  [["name", "foobar"], ["email", "foobar@gmail.com"], ["password_digest", "foobar"], ["created_at", "2022-05-20 13:45:28.130060"], ["updated_at", "2022-05-20 13:45:28.130060"]]
  [1m[36mTRANSACTION (2.7ms)[0m  [1m[36mcommit transaction[0m
  [1m[36mUser Load (0.3ms)[0m  [1m[34mSELECT "users".* FROM "users" ORDER BY "users"."id" ASC LIMIT ?[0m  [["LIMIT", 1]]
  [1m[35m (2.0ms)[0m  [1m[34mSELECT sqlite_version(*)[0m
  [1m[35m (0.3ms)[0m  [1m[34mSELECT "schema_migrations"."version" FROM "schema_migrations" ORDER BY "schema_migrations"."version" ASC[0m
Migrating to CreateUsers (20220520134421)
  [1m[36mTRANSACTION (0.4ms)[0m  [1m[36mbegin transaction[0m
  [1m[35m (7.2ms)[0m  [1m[35mCREATE TABLE "users" ("id" integer PRIMARY KEY AUTOINCREMENT NOT NULL, "name" varchar, "email" varchar, "password_digest" varchar, "created_at" datetime(6) NOT NULL, "updated_at" datetime(6) NOT NULL)[0m
  [1m[36mTRANSACTION (0.2ms)[0m  [1m[31mrollback transaction[0m
  [1m[35m (0.9ms)[0m  [1m[34mSELECT sqlite_version(*)[0m
  [1m[35m (0.2ms)[0m  [1m[34mSELECT "schema_migrations"."version" FROM "schema_migrations" ORDER BY "schema_migrations"."version" ASC[0m
Migrating to CreateUsers (20220520134421)
  [1m[36mTRANSACTION (0.1ms)[0m  [1m[36mbegin transaction[0m
  [1m[35m (0.6ms)[0m  [1m[35mCREATE TABLE "users" ("id" integer PRIMARY KEY AUTOINCREMENT NOT NULL, "name" varchar, "email" varchar, "password_digest" varchar, "created_at" datetime(6) NOT NULL, "updated_at" datetime(6) NOT NULL)[0m
  [1m[36mTRANSACTION (0.1ms)[0m  [1m[31mrollback transaction[0m
  [1m[35m (0.7ms)[0m  [1m[34mSELECT sqlite_version(*)[0m
  [1m[35m (0.2ms)[0m  [1m[34mSELECT "schema_migrations"."version" FROM "schema_migrations" ORDER BY "schema_migrations"."version" ASC[0m
  [1m[35m (0.1ms)[0m  [1m[34mSELECT "schema_migrations"."version" FROM "schema_migrations" ORDER BY "schema_migrations"."version" ASC[0m
  [1m[35m (0.1ms)[0m  [1m[34mSELECT "schema_migrations"."version" FROM "schema_migrations" ORDER BY "schema_migrations"."version" ASC[0m
  [1m[35m (1.6ms)[0m  [1m[34mSELECT sqlite_version(*)[0m
  [1m[35m (0.9ms)[0m  [1m[34mSELECT "schema_migrations"."version" FROM "schema_migrations" ORDER BY "schema_migrations"."version" ASC[0m
  [1m[35m (0.2ms)[0m  [1m[34mSELECT "schema_migrations"."version" FROM "schema_migrations" ORDER BY "schema_migrations"."version" ASC[0m
  [1m[35m (0.1ms)[0m  [1m[34mSELECT "schema_migrations"."version" FROM "schema_migrations" ORDER BY "schema_migrations"."version" ASC[0m
  [1m[35m (0.6ms)[0m  [1m[34mSELECT sqlite_version(*)[0m
  [1m[35m (0.2ms)[0m  [1m[34mSELECT "schema_migrations"."version" FROM "schema_migrations" ORDER BY "schema_migrations"."version" ASC[0m
Migrating to CreateUsers (20220520134421)
  [1m[36mTRANSACTION (0.1ms)[0m  [1m[36mbegin transaction[0m
  [1m[35m (0.8ms)[0m  [1m[35mCREATE TABLE "users" ("id" integer PRIMARY KEY AUTOINCREMENT NOT NULL, "name" varchar, "email" varchar, "password_digest" varchar, "created_at" datetime(6) NOT NULL, "updated_at" datetime(6) NOT NULL)[0m
  [1m[36mTRANSACTION (0.1ms)[0m  [1m[31mrollback transaction[0m
  [1m[35m (1.7ms)[0m  [1m[34mSELECT sqlite_version(*)[0m
  [1m[36mUser Load (0.6ms)[0m  [1m[34mSELECT "users".* FROM "users" ORDER BY "users"."id" ASC LIMIT ?[0m  [["LIMIT", 1]]
  [1m[36mTRANSACTION (0.1ms)[0m  [1m[36mbegin transaction[0m
  [1m[36mUser Exists? (0.3ms)[0m  [1m[34mSELECT 1 AS one FROM "users" WHERE LOWER("users"."email") = LOWER(?) LIMIT ?[0m  [["email", "example2@gmail.com"], ["LIMIT", 1]]
  [1m[36mTRANSACTION (0.2ms)[0m  [1m[31mrollback transaction[0m
  [1m[36mTRANSACTION (0.1ms)[0m  [1m[36mbegin transaction[0m
  [1m[36mUser Exists? (0.3ms)[0m  [1m[34mSELECT 1 AS one FROM "users" WHERE LOWER("users"."email") = LOWER(?) LIMIT ?[0m  [["email", "example2@gmail.com"], ["LIMIT", 1]]
  [1m[36mTRANSACTION (0.1ms)[0m  [1m[31mrollback transaction[0m
  [1m[36mTRANSACTION (0.1ms)[0m  [1m[36mbegin transaction[0m
  [1m[36mUser Exists? (0.2ms)[0m  [1m[34mSELECT 1 AS one FROM "users" WHERE LOWER("users"."email") = LOWER(?) LIMIT ?[0m  [["email", "example3@gmail.com"], ["LIMIT", 1]]
  [1m[36mTRANSACTION (0.1ms)[0m  [1m[31mrollback transaction[0m
  [1m[35m (1.1ms)[0m  [1m[34mSELECT sqlite_version(*)[0m
  [1m[36mUser Load (0.2ms)[0m  [1m[34mSELECT "users".* FROM "users" ORDER BY "users"."id" ASC LIMIT ?[0m  [["LIMIT", 1]]
  [1m[36mUser Load (0.4ms)[0m  [1m[34mSELECT "users".* FROM "users" ORDER BY "users"."id" ASC LIMIT ? OFFSET ?[0m  [["LIMIT", 1], ["OFFSET", 1]]
  [1m[36mUser Load (0.3ms)[0m  [1m[34mSELECT "users".* FROM "users" ORDER BY "users"."id" DESC LIMIT ?[0m  [["LIMIT", 1]]
  [1m[36mTRANSACTION (0.1ms)[0m  [1m[36mbegin transaction[0m
  [1m[36mUser Exists? (0.2ms)[0m  [1m[34mSELECT 1 AS one FROM "users" WHERE LOWER("users"."email") = LOWER(?) LIMIT ?[0m  [["email", "mike@gmail.com"], ["LIMIT", 1]]
  [1m[36mTRANSACTION (0.1ms)[0m  [1m[31mrollback transaction[0m
  [1m[36mTRANSACTION (0.1ms)[0m  [1m[36mbegin transaction[0m
  [1m[36mUser Exists? (0.2ms)[0m  [1m[34mSELECT 1 AS one FROM "users" WHERE LOWER("users"."email") = LOWER(?) LIMIT ?[0m  [["email", "mike@gmail.com"], ["LIMIT", 1]]
  [1m[36mTRANSACTION (0.1ms)[0m  [1m[31mrollback transaction[0m
  [1m[36mTRANSACTION (0.2ms)[0m  [1m[36mbegin transaction[0m
  [1m[36mUser Exists? (0.4ms)[0m  [1m[34mSELECT 1 AS one FROM "users" WHERE LOWER("users"."email") = LOWER(?) LIMIT ?[0m  [["email", "mike@gmail.com"], ["LIMIT", 1]]
  [1m[36mTRANSACTION (0.1ms)[0m  [1m[31mrollback transaction[0m
  [1m[36mTRANSACTION (0.1ms)[0m  [1m[36mbegin transaction[0m
  [1m[36mUser Exists? (0.2ms)[0m  [1m[34mSELECT 1 AS one FROM "users" WHERE LOWER("users"."email") = LOWER(?) LIMIT ?[0m  [["email", "mike@gmail.com"], ["LIMIT", 1]]
  [1m[36mTRANSACTION (0.1ms)[0m  [1m[31mrollback transaction[0m
  [1m[36mTRANSACTION (0.1ms)[0m  [1m[36mbegin transaction[0m
  [1m[36mUser Exists? (0.3ms)[0m  [1m[34mSELECT 1 AS one FROM "users" WHERE LOWER("users"."email") = LOWER(?) LIMIT ?[0m  [["email", "mike@gmail.com"], ["LIMIT", 1]]
  [1m[36mTRANSACTION (0.1ms)[0m  [1m[31mrollback transaction[0m
  [1m[36mTRANSACTION (0.1ms)[0m  [1m[36mbegin transaction[0m
  [1m[36mUser Exists? (0.3ms)[0m  [1m[34mSELECT 1 AS one FROM "users" WHERE LOWER("users"."email") = LOWER(?) LIMIT ?[0m  [["email", "mike@gmail.com"], ["LIMIT", 1]]
  [1m[36mTRANSACTION (0.1ms)[0m  [1m[31mrollback transaction[0m
  [1m[35m (0.7ms)[0m  [1m[34mSELECT sqlite_version(*)[0m
  [1m[35m (0.5ms)[0m  [1m[34mSELECT "schema_migrations"."version" FROM "schema_migrations" ORDER BY "schema_migrations"."version" ASC[0m
Migrating to CreateUsers (20220520134421)
  [1m[36mTRANSACTION (0.2ms)[0m  [1m[36mbegin transaction[0m
  [1m[35m (1.4ms)[0m  [1m[35mCREATE TABLE "users" ("id" integer PRIMARY KEY AUTOINCREMENT NOT NULL, "name" varchar, "email" varchar, "password_digest" varchar, "created_at" datetime(6) NOT NULL, "updated_at" datetime(6) NOT NULL)[0m
  [1m[36mTRANSACTION (0.1ms)[0m  [1m[31mrollback transaction[0m
  [1m[35m (1.4ms)[0m  [1m[34mSELECT sqlite_version(*)[0m
  [1m[36mTRANSACTION (0.1ms)[0m  [1m[36mbegin transaction[0m
  [1m[36mUser Create (2.0ms)[0m  [1m[32mINSERT INTO "users" ("name", "email", "password_digest", "created_at", "updated_at") VALUES (?, ?, ?, ?, ?)[0m  [["name", "mike"], ["email", "mike@gmail.com"], ["password_digest", "foobar"], ["created_at", "2022-05-20 13:55:54.703358"], ["updated_at", "2022-05-20 13:55:54.703358"]]
  [1m[36mTRANSACTION (1.7ms)[0m  [1m[36mcommit transaction[0m
  [1m[36mUser Load (0.3ms)[0m  [1m[34mSELECT "users".* FROM "users" ORDER BY "users"."id" DESC LIMIT ?[0m  [["LIMIT", 1]]
  [1m[36mUser Load (0.2ms)[0m  [1m[34mSELECT "users".* FROM "users" ORDER BY "users"."id" DESC LIMIT ?[0m  [["LIMIT", 1]]
  [1m[35m (1.7ms)[0m  [1m[34mSELECT sqlite_version(*)[0m
  [1m[36mTRANSACTION (0.1ms)[0m  [1m[36mbegin transaction[0m
  [1m[36mUser Create (1.3ms)[0m  [1m[32mINSERT INTO "users" ("name", "email", "password_digest", "created_at", "updated_at") VALUES (?, ?, ?, ?, ?)[0m  [["name", "taro"], ["email", "taro@gmail.com"], ["password_digest", "foobar"], ["created_at", "2022-05-20 13:57:28.906388"], ["updated_at", "2022-05-20 13:57:28.906388"]]
  [1m[36mTRANSACTION (1.3ms)[0m  [1m[36mcommit transaction[0m
  [1m[36mUser Load (0.4ms)[0m  [1m[34mSELECT "users".* FROM "users" ORDER BY "users"."id" DESC LIMIT ?[0m  [["LIMIT", 1]]
  [1m[36mUser Load (0.6ms)[0m  [1m[34mSELECT "users".* FROM "users" ORDER BY "users"."id" DESC LIMIT ?[0m  [["LIMIT", 1]]
  [1m[36mTRANSACTION (0.2ms)[0m  [1m[36mbegin transaction[0m
  [1m[36mUser Create (2.0ms)[0m  [1m[32mINSERT INTO "users" ("name", "email", "password_digest", "created_at", "updated_at") VALUES (?, ?, ?, ?, ?)[0m  [["name", "naokichi"], ["email", "naokichi@gmail.com"], ["password_digest", "foobar"], ["created_at", "2022-05-20 14:00:25.446102"], ["updated_at", "2022-05-20 14:00:25.446102"]]
  [1m[36mTRANSACTION (2.0ms)[0m  [1m[36mcommit transaction[0m
Started GET "/" for ::1 at 2022-05-20 23:11:23 +0900
  [1m[35m (2.3ms)[0m  [1m[34mSELECT sqlite_version(*)[0m
  [1m[35m (0.5ms)[0m  [1m[34mSELECT "schema_migrations"."version" FROM "schema_migrations" ORDER BY "schema_migrations"."version" ASC[0m
  [1m[35mCACHE  (0.0ms)[0m  [1m[34mSELECT "schema_migrations"."version" FROM "schema_migrations" ORDER BY "schema_migrations"."version" ASC[0m
  
ActiveRecord::PendingMigrationError (

Migrations are pending. To resolve this issue, run:

        bin/rails db:migrate RAILS_ENV=development

You have 1 pending migration:

20220520134421_create_users.rb


):
  
activerecord (6.1.6) lib/active_record/migration.rb:625:in `check_pending!'
activerecord (6.1.6) lib/active_record/migration.rb:590:in `block (2 levels) in call'
activesupport (6.1.6) lib/active_support/evented_file_update_checker.rb:59:in `execute'
activerecord (6.1.6) lib/active_record/migration.rb:595:in `block in call'
activerecord (6.1.6) lib/active_record/migration.rb:587:in `synchronize'
activerecord (6.1.6) lib/active_record/migration.rb:587:in `call'
actionpack (6.1.6) lib/action_dispatch/middleware/callbacks.rb:27:in `block in call'
activesupport (6.1.6) lib/active_support/callbacks.rb:98:in `run_callbacks'
actionpack (6.1.6) lib/action_dispatch/middleware/callbacks.rb:26:in `call'
actionpack (6.1.6) lib/action_dispatch/middleware/executor.rb:14:in `call'
actionpack (6.1.6) lib/action_dispatch/middleware/actionable_exceptions.rb:18:in `call'
actionpack (6.1.6) lib/action_dispatch/middleware/debug_exceptions.rb:29:in `call'
web-console (4.2.0) lib/web_console/middleware.rb:132:in `call_app'
web-console (4.2.0) lib/web_console/middleware.rb:28:in `block in call'
web-console (4.2.0) lib/web_console/middleware.rb:17:in `catch'
web-console (4.2.0) lib/web_console/middleware.rb:17:in `call'
actionpack (6.1.6) lib/action_dispatch/middleware/show_exceptions.rb:33:in `call'
railties (6.1.6) lib/rails/rack/logger.rb:37:in `call_app'
railties (6.1.6) lib/rails/rack/logger.rb:26:in `block in call'
activesupport (6.1.6) lib/active_support/tagged_logging.rb:99:in `block in tagged'
activesupport (6.1.6) lib/active_support/tagged_logging.rb:37:in `tagged'
activesupport (6.1.6) lib/active_support/tagged_logging.rb:99:in `tagged'
railties (6.1.6) lib/rails/rack/logger.rb:26:in `call'
sprockets-rails (3.4.2) lib/sprockets/rails/quiet_assets.rb:13:in `call'
actionpack (6.1.6) lib/action_dispatch/middleware/remote_ip.rb:81:in `call'
actionpack (6.1.6) lib/action_dispatch/middleware/request_id.rb:26:in `call'
rack (2.2.3) lib/rack/method_override.rb:24:in `call'
rack (2.2.3) lib/rack/runtime.rb:22:in `call'
activesupport (6.1.6) lib/active_support/cache/strategy/local_cache_middleware.rb:29:in `call'
actionpack (6.1.6) lib/action_dispatch/middleware/executor.rb:14:in `call'
actionpack (6.1.6) lib/action_dispatch/middleware/static.rb:24:in `call'
rack (2.2.3) lib/rack/sendfile.rb:110:in `call'
actionpack (6.1.6) lib/action_dispatch/middleware/host_authorization.rb:148:in `call'
rack-mini-profiler (2.3.4) lib/mini_profiler/profiler.rb:268:in `call'
webpacker (5.4.3) lib/webpacker/dev_server_proxy.rb:25:in `perform_request'
rack-proxy (0.7.2) lib/rack/proxy.rb:67:in `call'
railties (6.1.6) lib/rails/engine.rb:539:in `call'
puma (5.6.4) lib/puma/configuration.rb:252:in `call'
puma (5.6.4) lib/puma/request.rb:77:in `block in handle_request'
puma (5.6.4) lib/puma/thread_pool.rb:340:in `with_force_shutdown'
puma (5.6.4) lib/puma/request.rb:76:in `handle_request'
puma (5.6.4) lib/puma/server.rb:441:in `process_client'
puma (5.6.4) lib/puma/thread_pool.rb:147:in `block in spawn_thread'
Started POST "/rails/actions" for ::1 at 2022-05-20 23:11:29 +0900
  [1m[35m (0.2ms)[0m  [1m[34mSELECT "schema_migrations"."version" FROM "schema_migrations" ORDER BY "schema_migrations"."version" ASC[0m
Migrating to CreateUsers (20220520134421)
  [1m[36mTRANSACTION (0.1ms)[0m  [1m[36mbegin transaction[0m
  [1m[35m (0.5ms)[0m  [1m[35mCREATE TABLE "users" ("id" integer PRIMARY KEY AUTOINCREMENT NOT NULL, "name" varchar, "email" varchar, "password_digest" varchar, "created_at" datetime(6) NOT NULL, "updated_at" datetime(6) NOT NULL)[0m
  [1m[36mTRANSACTION (0.1ms)[0m  [1m[31mrollback transaction[0m
  
StandardError (An error has occurred, this and all later migrations canceled:

SQLite3::SQLException: table "users" already exists):
  
sqlite3 (1.4.2) lib/sqlite3/database.rb:147:in `initialize'
sqlite3 (1.4.2) lib/sqlite3/database.rb:147:in `new'
sqlite3 (1.4.2) lib/sqlite3/database.rb:147:in `prepare'
sqlite3 (1.4.2) lib/sqlite3/database.rb:193:in `execute'
activerecord (6.1.6) lib/active_record/connection_adapters/sqlite3/database_statements.rb:33:in `block (2 levels) in execute'
activesupport (6.1.6) lib/active_support/dependencies/interlock.rb:48:in `block in permit_concurrent_loads'
activesupport (6.1.6) lib/active_support/concurrency/share_lock.rb:187:in `yield_shares'
activesupport (6.1.6) lib/active_support/dependencies/interlock.rb:47:in `permit_concurrent_loads'
activerecord (6.1.6) lib/active_record/connection_adapters/sqlite3/database_statements.rb:32:in `block in execute'
activerecord (6.1.6) lib/active_record/connection_adapters/abstract_adapter.rb:696:in `block (2 levels) in log'
activesupport (6.1.6) lib/active_support/concurrency/load_interlock_aware_monitor.rb:26:in `block (2 levels) in synchronize'
activesupport (6.1.6) lib/active_support/concurrency/load_interlock_aware_monitor.rb:25:in `handle_interrupt'
activesupport (6.1.6) lib/active_support/concurrency/load_interlock_aware_monitor.rb:25:in `block in synchronize'
activesupport (6.1.6) lib/active_support/concurrency/load_interlock_aware_monitor.rb:21:in `handle_interrupt'
activesupport (6.1.6) lib/active_support/concurrency/load_interlock_aware_monitor.rb:21:in `synchronize'
activerecord (6.1.6) lib/active_record/connection_adapters/abstract_adapter.rb:695:in `block in log'
activesupport (6.1.6) lib/active_support/notifications/instrumenter.rb:24:in `instrument'
activerecord (6.1.6) lib/active_record/connection_adapters/abstract_adapter.rb:687:in `log'
activerecord (6.1.6) lib/active_record/connection_adapters/sqlite3/database_statements.rb:31:in `execute'
activerecord (6.1.6) lib/active_record/connection_adapters/abstract/schema_statements.rb:322:in `create_table'
activerecord (6.1.6) lib/active_record/migration.rb:929:in `block in method_missing'
activerecord (6.1.6) lib/active_record/migration.rb:897:in `block in say_with_time'
/Users/fukudanaoto/.rbenv/versions/2.6.3/lib/ruby/2.6.0/benchmark.rb:293:in `measure'
activerecord (6.1.6) lib/active_record/migration.rb:897:in `say_with_time'
activerecord (6.1.6) lib/active_record/migration.rb:918:in `method_missing'
db/migrate/20220520134421_create_users.rb:3:in `change'
activerecord (6.1.6) lib/active_record/migration.rb:867:in `exec_migration'
activerecord (6.1.6) lib/active_record/migration.rb:851:in `block (2 levels) in migrate'
/Users/fukudanaoto/.rbenv/versions/2.6.3/lib/ruby/2.6.0/benchmark.rb:293:in `measure'
activerecord (6.1.6) lib/active_record/migration.rb:850:in `block in migrate'
activerecord (6.1.6) lib/active_record/connection_adapters/abstract/connection_pool.rb:462:in `with_connection'
activerecord (6.1.6) lib/active_record/migration.rb:849:in `migrate'
activerecord (6.1.6) lib/active_record/migration.rb:1037:in `migrate'
activerecord (6.1.6) lib/active_record/migration.rb:1329:in `block in execute_migration_in_transaction'
activerecord (6.1.6) lib/active_record/migration.rb:1380:in `block in ddl_transaction'
activerecord (6.1.6) lib/active_record/connection_adapters/abstract/database_statements.rb:320:in `block in transaction'
activerecord (6.1.6) lib/active_record/connection_adapters/abstract/transaction.rb:319:in `block in within_new_transaction'
activesupport (6.1.6) lib/active_support/concurrency/load_interlock_aware_monitor.rb:26:in `block (2 levels) in synchronize'
activesupport (6.1.6) lib/active_support/concurrency/load_interlock_aware_monitor.rb:25:in `handle_interrupt'
activesupport (6.1.6) lib/active_support/concurrency/load_interlock_aware_monitor.rb:25:in `block in synchronize'
activesupport (6.1.6) lib/active_support/concurrency/load_interlock_aware_monitor.rb:21:in `handle_interrupt'
activesupport (6.1.6) lib/active_support/concurrency/load_interlock_aware_monitor.rb:21:in `synchronize'
activerecord (6.1.6) lib/active_record/connection_adapters/abstract/transaction.rb:317:in `within_new_transaction'
activerecord (6.1.6) lib/active_record/connection_adapters/abstract/database_statements.rb:320:in `transaction'
activerecord (6.1.6) lib/active_record/transactions.rb:209:in `transaction'
activerecord (6.1.6) lib/active_record/migration.rb:1380:in `ddl_transaction'
activerecord (6.1.6) lib/active_record/migration.rb:1328:in `execute_migration_in_transaction'
activerecord (6.1.6) lib/active_record/migration.rb:1302:in `each'
activerecord (6.1.6) lib/active_record/migration.rb:1302:in `migrate_without_lock'
activerecord (6.1.6) lib/active_record/migration.rb:1253:in `migrate'
activerecord (6.1.6) lib/active_record/migration.rb:1086:in `up'
activerecord (6.1.6) lib/active_record/migration.rb:1061:in `migrate'
activerecord (6.1.6) lib/active_record/tasks/database_tasks.rb:237:in `migrate'
activerecord (6.1.6) lib/active_record/migration.rb:137:in `block in <class:PendingMigrationError>'
activesupport (6.1.6) lib/active_support/actionable_error.rb:28:in `dispatch'
actionpack (6.1.6) lib/action_dispatch/middleware/actionable_exceptions.rb:20:in `call'
actionpack (6.1.6) lib/action_dispatch/middleware/debug_exceptions.rb:29:in `call'
web-console (4.2.0) lib/web_console/middleware.rb:132:in `call_app'
web-console (4.2.0) lib/web_console/middleware.rb:28:in `block in call'
web-console (4.2.0) lib/web_console/middleware.rb:17:in `catch'
web-console (4.2.0) lib/web_console/middleware.rb:17:in `call'
actionpack (6.1.6) lib/action_dispatch/middleware/show_exceptions.rb:33:in `call'
railties (6.1.6) lib/rails/rack/logger.rb:37:in `call_app'
railties (6.1.6) lib/rails/rack/logger.rb:26:in `block in call'
activesupport (6.1.6) lib/active_support/tagged_logging.rb:99:in `block in tagged'
activesupport (6.1.6) lib/active_support/tagged_logging.rb:37:in `tagged'
activesupport (6.1.6) lib/active_support/tagged_logging.rb:99:in `tagged'
railties (6.1.6) lib/rails/rack/logger.rb:26:in `call'
sprockets-rails (3.4.2) lib/sprockets/rails/quiet_assets.rb:13:in `call'
actionpack (6.1.6) lib/action_dispatch/middleware/remote_ip.rb:81:in `call'
actionpack (6.1.6) lib/action_dispatch/middleware/request_id.rb:26:in `call'
rack (2.2.3) lib/rack/method_override.rb:24:in `call'
rack (2.2.3) lib/rack/runtime.rb:22:in `call'
activesupport (6.1.6) lib/active_support/cache/strategy/local_cache_middleware.rb:29:in `call'
actionpack (6.1.6) lib/action_dispatch/middleware/executor.rb:14:in `call'
actionpack (6.1.6) lib/action_dispatch/middleware/static.rb:24:in `call'
rack (2.2.3) lib/rack/sendfile.rb:110:in `call'
actionpack (6.1.6) lib/action_dispatch/middleware/host_authorization.rb:148:in `call'
rack-mini-profiler (2.3.4) lib/mini_profiler/profiler.rb:268:in `call'
webpacker (5.4.3) lib/webpacker/dev_server_proxy.rb:25:in `perform_request'
rack-proxy (0.7.2) lib/rack/proxy.rb:67:in `call'
railties (6.1.6) lib/rails/engine.rb:539:in `call'
puma (5.6.4) lib/puma/configuration.rb:252:in `call'
puma (5.6.4) lib/puma/request.rb:77:in `block in handle_request'
puma (5.6.4) lib/puma/thread_pool.rb:340:in `with_force_shutdown'
puma (5.6.4) lib/puma/request.rb:76:in `handle_request'
puma (5.6.4) lib/puma/server.rb:441:in `process_client'
puma (5.6.4) lib/puma/thread_pool.rb:147:in `block in spawn_thread'
Started POST "/rails/actions" for ::1 at 2022-05-20 23:13:02 +0900
  [1m[35m (0.1ms)[0m  [1m[34mSELECT "schema_migrations"."version" FROM "schema_migrations" ORDER BY "schema_migrations"."version" ASC[0m
Migrating to CreateUsers (20220520134421)
  [1m[36mTRANSACTION (0.1ms)[0m  [1m[36mbegin transaction[0m
  [1m[35m (0.4ms)[0m  [1m[35mCREATE TABLE "users" ("id" integer PRIMARY KEY AUTOINCREMENT NOT NULL, "name" varchar, "email" varchar, "password_digest" varchar, "created_at" datetime(6) NOT NULL, "updated_at" datetime(6) NOT NULL)[0m
  [1m[36mTRANSACTION (0.1ms)[0m  [1m[31mrollback transaction[0m
  
StandardError (An error has occurred, this and all later migrations canceled:

SQLite3::SQLException: table "users" already exists):
  
sqlite3 (1.4.2) lib/sqlite3/database.rb:147:in `initialize'
sqlite3 (1.4.2) lib/sqlite3/database.rb:147:in `new'
sqlite3 (1.4.2) lib/sqlite3/database.rb:147:in `prepare'
sqlite3 (1.4.2) lib/sqlite3/database.rb:193:in `execute'
activerecord (6.1.6) lib/active_record/connection_adapters/sqlite3/database_statements.rb:33:in `block (2 levels) in execute'
activesupport (6.1.6) lib/active_support/dependencies/interlock.rb:48:in `block in permit_concurrent_loads'
activesupport (6.1.6) lib/active_support/concurrency/share_lock.rb:187:in `yield_shares'
activesupport (6.1.6) lib/active_support/dependencies/interlock.rb:47:in `permit_concurrent_loads'
activerecord (6.1.6) lib/active_record/connection_adapters/sqlite3/database_statements.rb:32:in `block in execute'
activerecord (6.1.6) lib/active_record/connection_adapters/abstract_adapter.rb:696:in `block (2 levels) in log'
activesupport (6.1.6) lib/active_support/concurrency/load_interlock_aware_monitor.rb:26:in `block (2 levels) in synchronize'
activesupport (6.1.6) lib/active_support/concurrency/load_interlock_aware_monitor.rb:25:in `handle_interrupt'
activesupport (6.1.6) lib/active_support/concurrency/load_interlock_aware_monitor.rb:25:in `block in synchronize'
activesupport (6.1.6) lib/active_support/concurrency/load_interlock_aware_monitor.rb:21:in `handle_interrupt'
activesupport (6.1.6) lib/active_support/concurrency/load_interlock_aware_monitor.rb:21:in `synchronize'
activerecord (6.1.6) lib/active_record/connection_adapters/abstract_adapter.rb:695:in `block in log'
activesupport (6.1.6) lib/active_support/notifications/instrumenter.rb:24:in `instrument'
activerecord (6.1.6) lib/active_record/connection_adapters/abstract_adapter.rb:687:in `log'
activerecord (6.1.6) lib/active_record/connection_adapters/sqlite3/database_statements.rb:31:in `execute'
activerecord (6.1.6) lib/active_record/connection_adapters/abstract/schema_statements.rb:322:in `create_table'
activerecord (6.1.6) lib/active_record/migration.rb:929:in `block in method_missing'
activerecord (6.1.6) lib/active_record/migration.rb:897:in `block in say_with_time'
/Users/fukudanaoto/.rbenv/versions/2.6.3/lib/ruby/2.6.0/benchmark.rb:293:in `measure'
activerecord (6.1.6) lib/active_record/migration.rb:897:in `say_with_time'
activerecord (6.1.6) lib/active_record/migration.rb:918:in `method_missing'
db/migrate/20220520134421_create_users.rb:3:in `change'
activerecord (6.1.6) lib/active_record/migration.rb:867:in `exec_migration'
activerecord (6.1.6) lib/active_record/migration.rb:851:in `block (2 levels) in migrate'
/Users/fukudanaoto/.rbenv/versions/2.6.3/lib/ruby/2.6.0/benchmark.rb:293:in `measure'
activerecord (6.1.6) lib/active_record/migration.rb:850:in `block in migrate'
activerecord (6.1.6) lib/active_record/connection_adapters/abstract/connection_pool.rb:462:in `with_connection'
activerecord (6.1.6) lib/active_record/migration.rb:849:in `migrate'
activerecord (6.1.6) lib/active_record/migration.rb:1037:in `migrate'
activerecord (6.1.6) lib/active_record/migration.rb:1329:in `block in execute_migration_in_transaction'
activerecord (6.1.6) lib/active_record/migration.rb:1380:in `block in ddl_transaction'
activerecord (6.1.6) lib/active_record/connection_adapters/abstract/database_statements.rb:320:in `block in transaction'
activerecord (6.1.6) lib/active_record/connection_adapters/abstract/transaction.rb:319:in `block in within_new_transaction'
activesupport (6.1.6) lib/active_support/concurrency/load_interlock_aware_monitor.rb:26:in `block (2 levels) in synchronize'
activesupport (6.1.6) lib/active_support/concurrency/load_interlock_aware_monitor.rb:25:in `handle_interrupt'
activesupport (6.1.6) lib/active_support/concurrency/load_interlock_aware_monitor.rb:25:in `block in synchronize'
activesupport (6.1.6) lib/active_support/concurrency/load_interlock_aware_monitor.rb:21:in `handle_interrupt'
activesupport (6.1.6) lib/active_support/concurrency/load_interlock_aware_monitor.rb:21:in `synchronize'
activerecord (6.1.6) lib/active_record/connection_adapters/abstract/transaction.rb:317:in `within_new_transaction'
activerecord (6.1.6) lib/active_record/connection_adapters/abstract/database_statements.rb:320:in `transaction'
activerecord (6.1.6) lib/active_record/transactions.rb:209:in `transaction'
activerecord (6.1.6) lib/active_record/migration.rb:1380:in `ddl_transaction'
activerecord (6.1.6) lib/active_record/migration.rb:1328:in `execute_migration_in_transaction'
activerecord (6.1.6) lib/active_record/migration.rb:1302:in `each'
activerecord (6.1.6) lib/active_record/migration.rb:1302:in `migrate_without_lock'
activerecord (6.1.6) lib/active_record/migration.rb:1253:in `migrate'
activerecord (6.1.6) lib/active_record/migration.rb:1086:in `up'
activerecord (6.1.6) lib/active_record/migration.rb:1061:in `migrate'
activerecord (6.1.6) lib/active_record/tasks/database_tasks.rb:237:in `migrate'
activerecord (6.1.6) lib/active_record/migration.rb:137:in `block in <class:PendingMigrationError>'
activesupport (6.1.6) lib/active_support/actionable_error.rb:28:in `dispatch'
actionpack (6.1.6) lib/action_dispatch/middleware/actionable_exceptions.rb:20:in `call'
actionpack (6.1.6) lib/action_dispatch/middleware/debug_exceptions.rb:29:in `call'
web-console (4.2.0) lib/web_console/middleware.rb:132:in `call_app'
web-console (4.2.0) lib/web_console/middleware.rb:28:in `block in call'
web-console (4.2.0) lib/web_console/middleware.rb:17:in `catch'
web-console (4.2.0) lib/web_console/middleware.rb:17:in `call'
actionpack (6.1.6) lib/action_dispatch/middleware/show_exceptions.rb:33:in `call'
railties (6.1.6) lib/rails/rack/logger.rb:37:in `call_app'
railties (6.1.6) lib/rails/rack/logger.rb:26:in `block in call'
activesupport (6.1.6) lib/active_support/tagged_logging.rb:99:in `block in tagged'
activesupport (6.1.6) lib/active_support/tagged_logging.rb:37:in `tagged'
activesupport (6.1.6) lib/active_support/tagged_logging.rb:99:in `tagged'
railties (6.1.6) lib/rails/rack/logger.rb:26:in `call'
sprockets-rails (3.4.2) lib/sprockets/rails/quiet_assets.rb:13:in `call'
actionpack (6.1.6) lib/action_dispatch/middleware/remote_ip.rb:81:in `call'
actionpack (6.1.6) lib/action_dispatch/middleware/request_id.rb:26:in `call'
rack (2.2.3) lib/rack/method_override.rb:24:in `call'
rack (2.2.3) lib/rack/runtime.rb:22:in `call'
activesupport (6.1.6) lib/active_support/cache/strategy/local_cache_middleware.rb:29:in `call'
actionpack (6.1.6) lib/action_dispatch/middleware/executor.rb:14:in `call'
actionpack (6.1.6) lib/action_dispatch/middleware/static.rb:24:in `call'
rack (2.2.3) lib/rack/sendfile.rb:110:in `call'
actionpack (6.1.6) lib/action_dispatch/middleware/host_authorization.rb:148:in `call'
rack-mini-profiler (2.3.4) lib/mini_profiler/profiler.rb:268:in `call'
webpacker (5.4.3) lib/webpacker/dev_server_proxy.rb:25:in `perform_request'
rack-proxy (0.7.2) lib/rack/proxy.rb:67:in `call'
railties (6.1.6) lib/rails/engine.rb:539:in `call'
puma (5.6.4) lib/puma/configuration.rb:252:in `call'
puma (5.6.4) lib/puma/request.rb:77:in `block in handle_request'
puma (5.6.4) lib/puma/thread_pool.rb:340:in `with_force_shutdown'
puma (5.6.4) lib/puma/request.rb:76:in `handle_request'
puma (5.6.4) lib/puma/server.rb:441:in `process_client'
puma (5.6.4) lib/puma/thread_pool.rb:147:in `block in spawn_thread'
Started GET "/" for ::1 at 2022-05-20 23:13:08 +0900
  [1m[35m (0.3ms)[0m  [1m[34mSELECT "schema_migrations"."version" FROM "schema_migrations" ORDER BY "schema_migrations"."version" ASC[0m
  [1m[35mCACHE  (0.0ms)[0m  [1m[34mSELECT "schema_migrations"."version" FROM "schema_migrations" ORDER BY "schema_migrations"."version" ASC[0m
  
ActiveRecord::PendingMigrationError (

Migrations are pending. To resolve this issue, run:

        bin/rails db:migrate RAILS_ENV=development

You have 1 pending migration:

20220520134421_create_users.rb


):
  
activerecord (6.1.6) lib/active_record/migration.rb:625:in `check_pending!'
activerecord (6.1.6) lib/active_record/migration.rb:590:in `block (2 levels) in call'
activesupport (6.1.6) lib/active_support/evented_file_update_checker.rb:59:in `execute'
activerecord (6.1.6) lib/active_record/migration.rb:595:in `block in call'
activerecord (6.1.6) lib/active_record/migration.rb:587:in `synchronize'
activerecord (6.1.6) lib/active_record/migration.rb:587:in `call'
actionpack (6.1.6) lib/action_dispatch/middleware/callbacks.rb:27:in `block in call'
activesupport (6.1.6) lib/active_support/callbacks.rb:98:in `run_callbacks'
actionpack (6.1.6) lib/action_dispatch/middleware/callbacks.rb:26:in `call'
actionpack (6.1.6) lib/action_dispatch/middleware/executor.rb:14:in `call'
actionpack (6.1.6) lib/action_dispatch/middleware/actionable_exceptions.rb:18:in `call'
actionpack (6.1.6) lib/action_dispatch/middleware/debug_exceptions.rb:29:in `call'
web-console (4.2.0) lib/web_console/middleware.rb:132:in `call_app'
web-console (4.2.0) lib/web_console/middleware.rb:28:in `block in call'
web-console (4.2.0) lib/web_console/middleware.rb:17:in `catch'
web-console (4.2.0) lib/web_console/middleware.rb:17:in `call'
actionpack (6.1.6) lib/action_dispatch/middleware/show_exceptions.rb:33:in `call'
railties (6.1.6) lib/rails/rack/logger.rb:37:in `call_app'
railties (6.1.6) lib/rails/rack/logger.rb:26:in `block in call'
activesupport (6.1.6) lib/active_support/tagged_logging.rb:99:in `block in tagged'
activesupport (6.1.6) lib/active_support/tagged_logging.rb:37:in `tagged'
activesupport (6.1.6) lib/active_support/tagged_logging.rb:99:in `tagged'
railties (6.1.6) lib/rails/rack/logger.rb:26:in `call'
sprockets-rails (3.4.2) lib/sprockets/rails/quiet_assets.rb:13:in `call'
actionpack (6.1.6) lib/action_dispatch/middleware/remote_ip.rb:81:in `call'
actionpack (6.1.6) lib/action_dispatch/middleware/request_id.rb:26:in `call'
rack (2.2.3) lib/rack/method_override.rb:24:in `call'
rack (2.2.3) lib/rack/runtime.rb:22:in `call'
activesupport (6.1.6) lib/active_support/cache/strategy/local_cache_middleware.rb:29:in `call'
actionpack (6.1.6) lib/action_dispatch/middleware/executor.rb:14:in `call'
actionpack (6.1.6) lib/action_dispatch/middleware/static.rb:24:in `call'
rack (2.2.3) lib/rack/sendfile.rb:110:in `call'
actionpack (6.1.6) lib/action_dispatch/middleware/host_authorization.rb:148:in `call'
rack-mini-profiler (2.3.4) lib/mini_profiler/profiler.rb:268:in `call'
webpacker (5.4.3) lib/webpacker/dev_server_proxy.rb:25:in `perform_request'
rack-proxy (0.7.2) lib/rack/proxy.rb:67:in `call'
railties (6.1.6) lib/rails/engine.rb:539:in `call'
puma (5.6.4) lib/puma/configuration.rb:252:in `call'
puma (5.6.4) lib/puma/request.rb:77:in `block in handle_request'
puma (5.6.4) lib/puma/thread_pool.rb:340:in `with_force_shutdown'
puma (5.6.4) lib/puma/request.rb:76:in `handle_request'
puma (5.6.4) lib/puma/server.rb:441:in `process_client'
puma (5.6.4) lib/puma/thread_pool.rb:147:in `block in spawn_thread'
  [1m[35m (1.5ms)[0m  [1m[34mSELECT sqlite_version(*)[0m
  [1m[35m (1.1ms)[0m  [1m[34mSELECT "schema_migrations"."version" FROM "schema_migrations" ORDER BY "schema_migrations"."version" ASC[0m
  [1m[35m (1.7ms)[0m  [1m[34mSELECT sqlite_version(*)[0m
  [1m[35m (0.6ms)[0m  [1m[34mSELECT "schema_migrations"."version" FROM "schema_migrations" ORDER BY "schema_migrations"."version" ASC[0m
Migrating to CreateUsers (20220520134421)
  [1m[35m (1.1ms)[0m  [1m[34mSELECT sqlite_version(*)[0m
  [1m[35m (0.8ms)[0m  [1m[34mSELECT "schema_migrations"."version" FROM "schema_migrations" ORDER BY "schema_migrations"."version" ASC[0m
Migrating to CreateUsers (20220520134421)
  [1m[36mTRANSACTION (0.2ms)[0m  [1m[36mbegin transaction[0m
  [1m[36mActiveRecord::SchemaMigration Create (1.0ms)[0m  [1m[32mINSERT INTO "schema_migrations" ("version") VALUES (?)[0m  [["version", "20220520134421"]]
  [1m[36mTRANSACTION (1.0ms)[0m  [1m[36mcommit transaction[0m
  [1m[36mActiveRecord::InternalMetadata Load (1.0ms)[0m  [1m[34mSELECT "ar_internal_metadata".* FROM "ar_internal_metadata" WHERE "ar_internal_metadata"."key" = ? LIMIT ?[0m  [["key", "environment"], ["LIMIT", 1]]
  [1m[35m (0.1ms)[0m  [1m[34mSELECT sqlite_version(*)[0m
  [1m[35m (0.2ms)[0m  [1m[34mSELECT "schema_migrations"."version" FROM "schema_migrations" ORDER BY "schema_migrations"."version" ASC[0m
  [1m[35m (0.6ms)[0m  [1m[34mSELECT sqlite_version(*)[0m
  [1m[35m (0.2ms)[0m  [1m[34mSELECT "schema_migrations"."version" FROM "schema_migrations" ORDER BY "schema_migrations"."version" ASC[0m
Started GET "/" for ::1 at 2022-05-20 23:20:41 +0900
  [1m[35m (0.1ms)[0m  [1m[34mSELECT sqlite_version(*)[0m
  [1m[35m (0.7ms)[0m  [1m[34mSELECT "schema_migrations"."version" FROM "schema_migrations" ORDER BY "schema_migrations"."version" ASC[0m
Processing by Rails::WelcomeController#index as HTML
  Rendering /Users/fukudanaoto/.rbenv/versions/2.6.3/lib/ruby/gems/2.6.0/gems/railties-6.1.6/lib/rails/templates/rails/welcome/index.html.erb
  Rendered /Users/fukudanaoto/.rbenv/versions/2.6.3/lib/ruby/gems/2.6.0/gems/railties-6.1.6/lib/rails/templates/rails/welcome/index.html.erb (Duration: 11.1ms | Allocations: 223)
Completed 200 OK in 62ms (Views: 13.4ms | ActiveRecord: 0.0ms | Allocations: 2477)


Started GET "/" for ::1 at 2022-05-20 23:21:13 +0900
  
ArgumentError (Missing :controller key on routes definition, please check your routes.):
  
config/routes.rb:4:in `block in <main>'
config/routes.rb:1:in `<main>'
Started GET "/" for ::1 at 2022-05-20 23:21:58 +0900
  
ArgumentError (Missing :controller key on routes definition, please check your routes.):
  
config/routes.rb:4:in `block in <main>'
config/routes.rb:1:in `<main>'
Started GET "/" for ::1 at 2022-05-20 23:22:55 +0900
Processing by UsersController#show as HTML
  Rendering layout layouts/application.html.erb
  Rendering users/show.html.erb within layouts/application
  Rendered users/show.html.erb within layouts/application (Duration: 1.4ms | Allocations: 100)
[Webpacker] Compiling...
[Webpacker] Compiled all packs in /Users/fukudanaoto/original_app/English_Questions/English_Questions/public/packs
[Webpacker] Hash: 50e3bf4ccc35a838f1be
Version: webpack 4.46.0
Time: 2635ms
Built at: 2022-05-20 23:23:01
                                     Asset       Size       Chunks                         Chunk Names
    js/application-7d583ba8e3595cd67db2.js    125 KiB  application  [emitted] [immutable]  application
js/application-7d583ba8e3595cd67db2.js.map    139 KiB  application  [emitted] [dev]        application
                             manifest.json  364 bytes               [emitted]              
Entrypoint application = js/application-7d583ba8e3595cd67db2.js js/application-7d583ba8e3595cd67db2.js.map
[./app/javascript/channels sync recursive _channel\.js$] ./app/javascript/channels sync _channel\.js$ 160 bytes {application} [built]
[./app/javascript/channels/index.js] 211 bytes {application} [built]
[./app/javascript/packs/application.js] 492 bytes {application} [built]
[./node_modules/webpack/buildin/module.js] (webpack)/buildin/module.js 552 bytes {application} [built]
    + 3 hidden modules

  Rendered layout layouts/application.html.erb (Duration: 6490.9ms | Allocations: 17826)
Completed 200 OK in 6495ms (Views: 6493.2ms | Allocations: 18941)


Started GET "/" for ::1 at 2022-05-20 23:23:53 +0900
Processing by UsersController#show as HTML
  Rendering layout layouts/application.html.erb
  Rendering users/show.html.erb within layouts/application
  Rendered users/show.html.erb within layouts/application (Duration: 1.0ms | Allocations: 186)
[Webpacker] Everything's up-to-date. Nothing to do
  Rendered layout layouts/application.html.erb (Duration: 11.3ms | Allocations: 4009)
Completed 200 OK in 18ms (Views: 15.9ms | Allocations: 5132)


Started GET "/users/new" for ::1 at 2022-05-20 23:23:55 +0900
Processing by UsersController#new as HTML
  [1m[35m (0.2ms)[0m  [1m[34mSELECT sqlite_version(*)[0m
  â†³ app/controllers/users_controller.rb:7:in `new'
  Rendering layout layouts/application.html.erb
  Rendering users/new.html.erb within layouts/application
  Rendered users/new.html.erb within layouts/application (Duration: 13.4ms | Allocations: 1310)
[Webpacker] Everything's up-to-date. Nothing to do
  Rendered layout layouts/application.html.erb (Duration: 21.7ms | Allocations: 4882)
Completed 200 OK in 78ms (Views: 22.3ms | ActiveRecord: 2.0ms | Allocations: 15400)


Started GET "/users/new" for ::1 at 2022-05-20 23:24:39 +0900
Processing by UsersController#new as HTML
  Rendering layout layouts/application.html.erb
  Rendering users/new.html.erb within layouts/application
  Rendered users/new.html.erb within layouts/application (Duration: 66.6ms | Allocations: 9602)
[Webpacker] Everything's up-to-date. Nothing to do
  Rendered layout layouts/application.html.erb (Duration: 80.4ms | Allocations: 13328)
Completed 200 OK in 88ms (Views: 85.4ms | ActiveRecord: 0.0ms | Allocations: 14472)


Started GET "/users/new" for ::1 at 2022-05-20 23:25:13 +0900
Processing by UsersController#new as HTML
  Rendering layout layouts/application.html.erb
  Rendering users/new.html.erb within layouts/application
  Rendered users/new.html.erb within layouts/application (Duration: 6.1ms | Allocations: 1550)
[Webpacker] Everything's up-to-date. Nothing to do
  Rendered layout layouts/application.html.erb (Duration: 15.4ms | Allocations: 5372)
Completed 200 OK in 21ms (Views: 19.0ms | ActiveRecord: 0.0ms | Allocations: 6503)


Started GET "/users/new" for ::1 at 2022-05-20 23:25:53 +0900
Processing by UsersController#new as HTML
  Rendering layout layouts/application.html.erb
  Rendering users/new.html.erb within layouts/application
  Rendered users/new.html.erb within layouts/application (Duration: 7.3ms | Allocations: 1545)
[Webpacker] Everything's up-to-date. Nothing to do
  Rendered layout layouts/application.html.erb (Duration: 32.2ms | Allocations: 5367)
Completed 200 OK in 38ms (Views: 35.6ms | ActiveRecord: 0.0ms | Allocations: 6499)


Started POST "/users" for ::1 at 2022-05-20 23:26:09 +0900
Processing by UsersController#create as HTML
  Parameters: {"authenticity_token"=>"[FILTERED]", "user"=>{"name"=>"foobar", "email"=>"foobar@gmail.com", "password"=>"[FILTERED]", "password_confirmation"=>"[FILTERED]"}, "commit"=>"æ–°è¦ç™»éŒ²"}
  [1m[36mTRANSACTION (0.1ms)[0m  [1m[36mbegin transaction[0m
  â†³ app/controllers/users_controller.rb:12:in `create'
  [1m[36mUser Exists? (0.9ms)[0m  [1m[34mSELECT 1 AS one FROM "users" WHERE LOWER("users"."email") = LOWER(?) LIMIT ?[0m  [["email", "foobar@gmail.com"], ["LIMIT", 1]]
  â†³ app/controllers/users_controller.rb:12:in `create'
  [1m[36mTRANSACTION (0.1ms)[0m  [1m[31mrollback transaction[0m
  â†³ app/controllers/users_controller.rb:12:in `create'
No template found for UsersController#create, rendering head :no_content
Completed 204 No Content in 275ms (ActiveRecord: 1.1ms | Allocations: 9452)


Started GET "/users/new" for ::1 at 2022-05-20 23:27:51 +0900
Processing by UsersController#new as HTML
  [1m[35m (0.1ms)[0m  [1m[34mSELECT sqlite_version(*)[0m
  â†³ app/controllers/users_controller.rb:7:in `new'
  Rendering layout layouts/application.html.erb
  Rendering users/new.html.erb within layouts/application
  Rendered users/new.html.erb within layouts/application (Duration: 3.3ms | Allocations: 1350)
[Webpacker] Everything's up-to-date. Nothing to do
  Rendered layout layouts/application.html.erb (Duration: 10.8ms | Allocations: 4963)
Completed 200 OK in 23ms (Views: 11.9ms | ActiveRecord: 1.3ms | Allocations: 10041)


Started POST "/users" for ::1 at 2022-05-20 23:28:05 +0900
Processing by UsersController#create as HTML
  Parameters: {"authenticity_token"=>"[FILTERED]", "user"=>{"name"=>"foobar", "email"=>"foobar@gmail.com", "password"=>"[FILTERED]", "password_confirmation"=>"[FILTERED]"}, "commit"=>"æ–°è¦ç™»éŒ²"}
  [1m[36mTRANSACTION (0.1ms)[0m  [1m[36mbegin transaction[0m
  â†³ app/controllers/users_controller.rb:11:in `create'
  [1m[36mUser Exists? (0.2ms)[0m  [1m[34mSELECT 1 AS one FROM "users" WHERE LOWER("users"."email") = LOWER(?) LIMIT ?[0m  [["email", "foobar@gmail.com"], ["LIMIT", 1]]
  â†³ app/controllers/users_controller.rb:11:in `create'
  [1m[36mTRANSACTION (0.1ms)[0m  [1m[31mrollback transaction[0m
  â†³ app/controllers/users_controller.rb:11:in `create'
  [1m[36mTRANSACTION (0.0ms)[0m  [1m[36mbegin transaction[0m
  â†³ app/controllers/users_controller.rb:12:in `create'
  [1m[36mUser Exists? (0.1ms)[0m  [1m[34mSELECT 1 AS one FROM "users" WHERE LOWER("users"."email") = LOWER(?) LIMIT ?[0m  [["email", "foobar@gmail.com"], ["LIMIT", 1]]
  â†³ app/controllers/users_controller.rb:12:in `create'
  [1m[36mTRANSACTION (0.0ms)[0m  [1m[31mrollback transaction[0m
  â†³ app/controllers/users_controller.rb:12:in `create'
No template found for UsersController#create, rendering head :no_content
Completed 204 No Content in 267ms (ActiveRecord: 0.5ms | Allocations: 5149)


Started GET "/users/new" for ::1 at 2022-05-20 23:28:34 +0900
Processing by UsersController#new as HTML
  [1m[35m (0.1ms)[0m  [1m[34mSELECT sqlite_version(*)[0m
  â†³ app/controllers/users_controller.rb:7:in `new'
  Rendering layout layouts/application.html.erb
  Rendering users/new.html.erb within layouts/application
  Rendered users/new.html.erb within layouts/application (Duration: 2.8ms | Allocations: 1350)
[Webpacker] Everything's up-to-date. Nothing to do
  Rendered layout layouts/application.html.erb (Duration: 10.1ms | Allocations: 4964)
Completed 200 OK in 22ms (Views: 11.0ms | ActiveRecord: 1.3ms | Allocations: 10038)


Started POST "/users" for ::1 at 2022-05-20 23:28:46 +0900
Processing by UsersController#create as HTML
  Parameters: {"authenticity_token"=>"[FILTERED]", "user"=>{"name"=>"foobar", "email"=>"foobar@gmail.com", "password"=>"[FILTERED]", "password_confirmation"=>"[FILTERED]"}, "commit"=>"æ–°è¦ç™»éŒ²"}
  [1m[36mTRANSACTION (0.1ms)[0m  [1m[36mbegin transaction[0m
  â†³ app/controllers/users_controller.rb:11:in `create'
  [1m[36mUser Exists? (0.2ms)[0m  [1m[34mSELECT 1 AS one FROM "users" WHERE LOWER("users"."email") = LOWER(?) LIMIT ?[0m  [["email", "foobar@gmail.com"], ["LIMIT", 1]]
  â†³ app/controllers/users_controller.rb:11:in `create'
  [1m[36mTRANSACTION (0.0ms)[0m  [1m[31mrollback transaction[0m
  â†³ app/controllers/users_controller.rb:11:in `create'
  [1m[36mTRANSACTION (0.0ms)[0m  [1m[36mbegin transaction[0m
  â†³ app/controllers/users_controller.rb:12:in `create'
  [1m[36mUser Exists? (0.2ms)[0m  [1m[34mSELECT 1 AS one FROM "users" WHERE LOWER("users"."email") = LOWER(?) LIMIT ?[0m  [["email", "foobar@gmail.com"], ["LIMIT", 1]]
  â†³ app/controllers/users_controller.rb:12:in `create'
  [1m[36mTRANSACTION (0.0ms)[0m  [1m[31mrollback transaction[0m
  â†³ app/controllers/users_controller.rb:12:in `create'
  Rendering layout layouts/application.html.erb
  Rendering users/new.html.erb within layouts/application
  Rendered users/new.html.erb within layouts/application (Duration: 2.2ms | Allocations: 1705)
[Webpacker] Everything's up-to-date. Nothing to do
  Rendered layout layouts/application.html.erb (Duration: 7.9ms | Allocations: 5260)
Completed 200 OK in 262ms (Views: 8.3ms | ActiveRecord: 0.5ms | Allocations: 10511)


Started POST "/users" for ::1 at 2022-05-20 23:30:03 +0900
Processing by UsersController#create as HTML
  Parameters: {"authenticity_token"=>"[FILTERED]", "user"=>{"name"=>"foobar", "email"=>"foobar@gmail.com", "password"=>"[FILTERED]", "password_confirmation"=>"[FILTERED]"}, "commit"=>"æ–°è¦ç™»éŒ²"}
[31mUnpermitted parameters: :authenticity_token, :user, :commit[0m
  [1m[35m (0.1ms)[0m  [1m[34mSELECT sqlite_version(*)[0m
  â†³ app/controllers/users_controller.rb:11:in `create'
  [1m[36mTRANSACTION (0.1ms)[0m  [1m[36mbegin transaction[0m
  â†³ app/controllers/users_controller.rb:11:in `create'
  [1m[36mUser Exists? (0.2ms)[0m  [1m[34mSELECT 1 AS one FROM "users" WHERE "users"."email" IS NULL LIMIT ?[0m  [["LIMIT", 1]]
  â†³ app/controllers/users_controller.rb:11:in `create'
  [1m[36mTRANSACTION (0.1ms)[0m  [1m[31mrollback transaction[0m
  â†³ app/controllers/users_controller.rb:11:in `create'
  [1m[36mTRANSACTION (0.1ms)[0m  [1m[36mbegin transaction[0m
  â†³ app/controllers/users_controller.rb:12:in `create'
  [1m[36mUser Exists? (0.2ms)[0m  [1m[34mSELECT 1 AS one FROM "users" WHERE "users"."email" IS NULL LIMIT ?[0m  [["LIMIT", 1]]
  â†³ app/controllers/users_controller.rb:12:in `create'
  [1m[36mTRANSACTION (0.1ms)[0m  [1m[31mrollback transaction[0m
  â†³ app/controllers/users_controller.rb:12:in `create'
  Rendering layout layouts/application.html.erb
  Rendering users/new.html.erb within layouts/application
  Rendered users/new.html.erb within layouts/application (Duration: 20.6ms | Allocations: 3525)
[Webpacker] Everything's up-to-date. Nothing to do
  Rendered layout layouts/application.html.erb (Duration: 27.2ms | Allocations: 7082)
Completed 200 OK in 59ms (Views: 28.6ms | ActiveRecord: 1.6ms | Allocations: 16933)


Started GET "/users" for ::1 at 2022-05-20 23:30:06 +0900
  
AbstractController::ActionNotFound (The action 'index' could not be found for UsersController):
  
actionpack (6.1.6) lib/abstract_controller/base.rb:160:in `process'
actionview (6.1.6) lib/action_view/rendering.rb:39:in `process'
actionpack (6.1.6) lib/action_controller/metal.rb:190:in `dispatch'
actionpack (6.1.6) lib/action_controller/metal.rb:254:in `dispatch'
actionpack (6.1.6) lib/action_dispatch/routing/route_set.rb:50:in `dispatch'
actionpack (6.1.6) lib/action_dispatch/routing/route_set.rb:33:in `serve'
actionpack (6.1.6) lib/action_dispatch/journey/router.rb:50:in `block in serve'
actionpack (6.1.6) lib/action_dispatch/journey/router.rb:32:in `each'
actionpack (6.1.6) lib/action_dispatch/journey/router.rb:32:in `serve'
actionpack (6.1.6) lib/action_dispatch/routing/route_set.rb:842:in `call'
rack (2.2.3) lib/rack/tempfile_reaper.rb:15:in `call'
rack (2.2.3) lib/rack/etag.rb:27:in `call'
rack (2.2.3) lib/rack/conditional_get.rb:27:in `call'
rack (2.2.3) lib/rack/head.rb:12:in `call'
actionpack (6.1.6) lib/action_dispatch/http/permissions_policy.rb:22:in `call'
actionpack (6.1.6) lib/action_dispatch/http/content_security_policy.rb:19:in `call'
rack (2.2.3) lib/rack/session/abstract/id.rb:266:in `context'
rack (2.2.3) lib/rack/session/abstract/id.rb:260:in `call'
actionpack (6.1.6) lib/action_dispatch/middleware/cookies.rb:689:in `call'
activerecord (6.1.6) lib/active_record/migration.rb:601:in `call'
actionpack (6.1.6) lib/action_dispatch/middleware/callbacks.rb:27:in `block in call'
activesupport (6.1.6) lib/active_support/callbacks.rb:98:in `run_callbacks'
actionpack (6.1.6) lib/action_dispatch/middleware/callbacks.rb:26:in `call'
actionpack (6.1.6) lib/action_dispatch/middleware/executor.rb:14:in `call'
actionpack (6.1.6) lib/action_dispatch/middleware/actionable_exceptions.rb:18:in `call'
actionpack (6.1.6) lib/action_dispatch/middleware/debug_exceptions.rb:29:in `call'
web-console (4.2.0) lib/web_console/middleware.rb:132:in `call_app'
web-console (4.2.0) lib/web_console/middleware.rb:28:in `block in call'
web-console (4.2.0) lib/web_console/middleware.rb:17:in `catch'
web-console (4.2.0) lib/web_console/middleware.rb:17:in `call'
actionpack (6.1.6) lib/action_dispatch/middleware/show_exceptions.rb:33:in `call'
railties (6.1.6) lib/rails/rack/logger.rb:37:in `call_app'
railties (6.1.6) lib/rails/rack/logger.rb:26:in `block in call'
activesupport (6.1.6) lib/active_support/tagged_logging.rb:99:in `block in tagged'
activesupport (6.1.6) lib/active_support/tagged_logging.rb:37:in `tagged'
activesupport (6.1.6) lib/active_support/tagged_logging.rb:99:in `tagged'
railties (6.1.6) lib/rails/rack/logger.rb:26:in `call'
sprockets-rails (3.4.2) lib/sprockets/rails/quiet_assets.rb:13:in `call'
actionpack (6.1.6) lib/action_dispatch/middleware/remote_ip.rb:81:in `call'
actionpack (6.1.6) lib/action_dispatch/middleware/request_id.rb:26:in `call'
rack (2.2.3) lib/rack/method_override.rb:24:in `call'
rack (2.2.3) lib/rack/runtime.rb:22:in `call'
activesupport (6.1.6) lib/active_support/cache/strategy/local_cache_middleware.rb:29:in `call'
actionpack (6.1.6) lib/action_dispatch/middleware/executor.rb:14:in `call'
actionpack (6.1.6) lib/action_dispatch/middleware/static.rb:24:in `call'
rack (2.2.3) lib/rack/sendfile.rb:110:in `call'
actionpack (6.1.6) lib/action_dispatch/middleware/host_authorization.rb:148:in `call'
rack-mini-profiler (2.3.4) lib/mini_profiler/profiler.rb:268:in `call'
webpacker (5.4.3) lib/webpacker/dev_server_proxy.rb:25:in `perform_request'
rack-proxy (0.7.2) lib/rack/proxy.rb:67:in `call'
railties (6.1.6) lib/rails/engine.rb:539:in `call'
puma (5.6.4) lib/puma/configuration.rb:252:in `call'
puma (5.6.4) lib/puma/request.rb:77:in `block in handle_request'
puma (5.6.4) lib/puma/thread_pool.rb:340:in `with_force_shutdown'
puma (5.6.4) lib/puma/request.rb:76:in `handle_request'
puma (5.6.4) lib/puma/server.rb:441:in `process_client'
puma (5.6.4) lib/puma/thread_pool.rb:147:in `block in spawn_thread'
Started POST "/users" for ::1 at 2022-05-20 23:30:17 +0900
Processing by UsersController#create as HTML
  Parameters: {"authenticity_token"=>"[FILTERED]", "user"=>{"name"=>"foobar", "email"=>"foobar@gmail.com", "password"=>"[FILTERED]", "password_confirmation"=>"[FILTERED]"}, "commit"=>"æ–°è¦ç™»éŒ²"}
[31mUnpermitted parameters: :authenticity_token, :user, :commit[0m
  [1m[36mTRANSACTION (0.1ms)[0m  [1m[36mbegin transaction[0m
  â†³ app/controllers/users_controller.rb:11:in `create'
  [1m[36mUser Exists? (0.2ms)[0m  [1m[34mSELECT 1 AS one FROM "users" WHERE "users"."email" IS NULL LIMIT ?[0m  [["LIMIT", 1]]
  â†³ app/controllers/users_controller.rb:11:in `create'
  [1m[36mTRANSACTION (0.1ms)[0m  [1m[31mrollback transaction[0m
  â†³ app/controllers/users_controller.rb:11:in `create'
  [1m[36mTRANSACTION (0.1ms)[0m  [1m[36mbegin transaction[0m
  â†³ app/controllers/users_controller.rb:12:in `create'
  [1m[36mUser Exists? (0.3ms)[0m  [1m[34mSELECT 1 AS one FROM "users" WHERE "users"."email" IS NULL LIMIT ?[0m  [["LIMIT", 1]]
  â†³ app/controllers/users_controller.rb:12:in `create'
  [1m[36mTRANSACTION (0.1ms)[0m  [1m[31mrollback transaction[0m
  â†³ app/controllers/users_controller.rb:12:in `create'
  Rendering layout layouts/application.html.erb
  Rendering users/new.html.erb within layouts/application
  Rendered users/new.html.erb within layouts/application (Duration: 8.0ms | Allocations: 3195)
[Webpacker] Everything's up-to-date. Nothing to do
  Rendered layout layouts/application.html.erb (Duration: 15.9ms | Allocations: 6751)
Completed 200 OK in 44ms (Views: 16.4ms | ActiveRecord: 0.9ms | Allocations: 11791)


Started POST "/users" for ::1 at 2022-05-20 23:33:44 +0900
Processing by UsersController#create as HTML
  Parameters: {"authenticity_token"=>"[FILTERED]", "user"=>{"name"=>"foobar", "email"=>"foobar@gmail.com", "password"=>"[FILTERED]", "password_confirmation"=>"[FILTERED]"}, "commit"=>"æ–°è¦ç™»éŒ²"}
  [1m[35m (0.2ms)[0m  [1m[34mSELECT sqlite_version(*)[0m
  â†³ app/controllers/users_controller.rb:11:in `create'
  [1m[36mTRANSACTION (0.1ms)[0m  [1m[36mbegin transaction[0m
  â†³ app/controllers/users_controller.rb:12:in `create'
  [1m[36mUser Exists? (0.2ms)[0m  [1m[34mSELECT 1 AS one FROM "users" WHERE LOWER("users"."email") = LOWER(?) LIMIT ?[0m  [["email", "foobar@gmail.com"], ["LIMIT", 1]]
  â†³ app/controllers/users_controller.rb:12:in `create'
  [1m[36mTRANSACTION (0.0ms)[0m  [1m[31mrollback transaction[0m
  â†³ app/controllers/users_controller.rb:12:in `create'
  Rendering layout layouts/application.html.erb
  Rendering users/new.html.erb within layouts/application
  Rendered users/new.html.erb within layouts/application (Duration: 4.2ms | Allocations: 1678)
[Webpacker] Everything's up-to-date. Nothing to do
  Rendered layout layouts/application.html.erb (Duration: 23.5ms | Allocations: 5235)
Completed 200 OK in 286ms (Views: 24.7ms | ActiveRecord: 2.1ms | Allocations: 12912)


Started GET "/" for ::1 at 2022-05-20 23:33:57 +0900
  [1m[35m (1.2ms)[0m  [1m[34mSELECT sqlite_version(*)[0m
  [1m[35m (0.6ms)[0m  [1m[34mSELECT "schema_migrations"."version" FROM "schema_migrations" ORDER BY "schema_migrations"."version" ASC[0m
Processing by UsersController#show as HTML
  Rendering layout layouts/application.html.erb
  Rendering users/show.html.erb within layouts/application
  Rendered users/show.html.erb within layouts/application (Duration: 3.0ms | Allocations: 313)
[Webpacker] Everything's up-to-date. Nothing to do
  Rendered layout layouts/application.html.erb (Duration: 51.0ms | Allocations: 6157)
Completed 200 OK in 125ms (Views: 59.4ms | ActiveRecord: 0.0ms | Allocations: 9061)


Started GET "/users/new" for ::1 at 2022-05-20 23:34:01 +0900
Processing by UsersController#new as HTML
  Rendering layout layouts/application.html.erb
  Rendering users/new.html.erb within layouts/application
  Rendered users/new.html.erb within layouts/application (Duration: 24.6ms | Allocations: 3597)
[Webpacker] Everything's up-to-date. Nothing to do
  Rendered layout layouts/application.html.erb (Duration: 32.5ms | Allocations: 7233)
Completed 200 OK in 55ms (Views: 33.6ms | ActiveRecord: 1.6ms | Allocations: 12411)


Started POST "/users" for ::1 at 2022-05-20 23:34:15 +0900
Processing by UsersController#create as HTML
  Parameters: {"authenticity_token"=>"[FILTERED]", "user"=>{"name"=>"foobaring", "email"=>"foobaring@gmail.com", "password"=>"[FILTERED]", "password_confirmation"=>"[FILTERED]"}, "commit"=>"æ–°è¦ç™»éŒ²"}
  [1m[36mTRANSACTION (0.1ms)[0m  [1m[36mbegin transaction[0m
  â†³ app/controllers/users_controller.rb:12:in `create'
  [1m[36mUser Exists? (0.3ms)[0m  [1m[34mSELECT 1 AS one FROM "users" WHERE LOWER("users"."email") = LOWER(?) LIMIT ?[0m  [["email", "foobaring@gmail.com"], ["LIMIT", 1]]
  â†³ app/controllers/users_controller.rb:12:in `create'
  [1m[36mUser Create (0.5ms)[0m  [1m[32mINSERT INTO "users" ("name", "email", "password_digest", "created_at", "updated_at") VALUES (?, ?, ?, ?, ?)[0m  [["name", "foobaring"], ["email", "foobaring@gmail.com"], ["password_digest", "$2a$12$CHAlnKu0uQy4470XHKL1uuzVCPvlOE/fx7cqyH2G80h3VJuDsfMR6"], ["created_at", "2022-05-20 14:34:15.805758"], ["updated_at", "2022-05-20 14:34:15.805758"]]
  â†³ app/controllers/users_controller.rb:12:in `create'
  [1m[36mTRANSACTION (1.9ms)[0m  [1m[36mcommit transaction[0m
  â†³ app/controllers/users_controller.rb:12:in `create'
Completed 500 Internal Server Error in 294ms (ActiveRecord: 2.8ms | Allocations: 4046)


  
ActionController::UrlGenerationError (No route matches {:action=>"show", :controller=>"users"}, missing required keys: [:id]):
  
app/controllers/users_controller.rb:13:in `create'
Started POST "/users" for ::1 at 2022-05-20 23:34:33 +0900
Processing by UsersController#create as HTML
  Parameters: {"authenticity_token"=>"[FILTERED]", "user"=>{"name"=>"foobaring", "email"=>"foobaring@gmail.com", "password"=>"[FILTERED]", "password_confirmation"=>"[FILTERED]"}, "commit"=>"æ–°è¦ç™»éŒ²"}
  [1m[35m (0.1ms)[0m  [1m[34mSELECT sqlite_version(*)[0m
  â†³ app/controllers/users_controller.rb:11:in `create'
  [1m[36mTRANSACTION (0.1ms)[0m  [1m[36mbegin transaction[0m
  â†³ app/controllers/users_controller.rb:12:in `create'
  [1m[36mUser Exists? (0.2ms)[0m  [1m[34mSELECT 1 AS one FROM "users" WHERE LOWER("users"."email") = LOWER(?) LIMIT ?[0m  [["email", "foobaring@gmail.com"], ["LIMIT", 1]]
  â†³ app/controllers/users_controller.rb:12:in `create'
  [1m[36mTRANSACTION (0.1ms)[0m  [1m[31mrollback transaction[0m
  â†³ app/controllers/users_controller.rb:12:in `create'
  Rendering layout layouts/application.html.erb
  Rendering users/new.html.erb within layouts/application
  Rendered users/new.html.erb within layouts/application (Duration: 4.1ms | Allocations: 1848)
[Webpacker] Everything's up-to-date. Nothing to do
  Rendered layout layouts/application.html.erb (Duration: 39.6ms | Allocations: 5525)
Completed 200 OK in 336ms (Views: 40.6ms | ActiveRecord: 1.5ms | Allocations: 14044)


Started GET "/users/new" for ::1 at 2022-05-20 23:34:37 +0900
Processing by UsersController#new as HTML
  Rendering layout layouts/application.html.erb
  Rendering users/new.html.erb within layouts/application
  Rendered users/new.html.erb within layouts/application (Duration: 2.5ms | Allocations: 1280)
[Webpacker] Everything's up-to-date. Nothing to do
  Rendered layout layouts/application.html.erb (Duration: 10.3ms | Allocations: 4914)
Completed 200 OK in 12ms (Views: 10.9ms | ActiveRecord: 0.0ms | Allocations: 5310)


Started POST "/users" for ::1 at 2022-05-20 23:34:51 +0900
Processing by UsersController#create as HTML
  Parameters: {"authenticity_token"=>"[FILTERED]", "user"=>{"name"=>"hisako", "email"=>"hisako@gmail.com", "password"=>"[FILTERED]", "password_confirmation"=>"[FILTERED]"}, "commit"=>"æ–°è¦ç™»éŒ²"}
  [1m[36mTRANSACTION (0.1ms)[0m  [1m[36mbegin transaction[0m
  â†³ app/controllers/users_controller.rb:12:in `create'
  [1m[36mUser Exists? (0.2ms)[0m  [1m[34mSELECT 1 AS one FROM "users" WHERE LOWER("users"."email") = LOWER(?) LIMIT ?[0m  [["email", "hisako@gmail.com"], ["LIMIT", 1]]
  â†³ app/controllers/users_controller.rb:12:in `create'
  [1m[36mUser Create (0.5ms)[0m  [1m[32mINSERT INTO "users" ("name", "email", "password_digest", "created_at", "updated_at") VALUES (?, ?, ?, ?, ?)[0m  [["name", "hisako"], ["email", "hisako@gmail.com"], ["password_digest", "$2a$12$N8iEUMAxyXJ/8Pu7nuxlsOzpan/di6Y3hcMd/6KGRQCoO/qWiZW5e"], ["created_at", "2022-05-20 14:34:51.961949"], ["updated_at", "2022-05-20 14:34:51.961949"]]
  â†³ app/controllers/users_controller.rb:12:in `create'
  [1m[36mTRANSACTION (1.4ms)[0m  [1m[36mcommit transaction[0m
  â†³ app/controllers/users_controller.rb:12:in `create'
Redirected to http://localhost:3000/users/9
Completed 302 Found in 255ms (ActiveRecord: 2.2ms | Allocations: 2929)


Started GET "/users/9" for ::1 at 2022-05-20 23:34:51 +0900
Processing by UsersController#show as HTML
  Parameters: {"id"=>"9"}
  Rendering layout layouts/application.html.erb
  Rendering users/show.html.erb within layouts/application
  Rendered users/show.html.erb within layouts/application (Duration: 0.2ms | Allocations: 72)
[Webpacker] Everything's up-to-date. Nothing to do
  Rendered layout layouts/application.html.erb (Duration: 6.2ms | Allocations: 3706)
Completed 200 OK in 7ms (Views: 6.6ms | ActiveRecord: 0.0ms | Allocations: 4080)


Started GET "/" for ::1 at 2022-05-20 23:35:01 +0900
Processing by UsersController#show as HTML
  Rendering layout layouts/application.html.erb
  Rendering users/show.html.erb within layouts/application
  Rendered users/show.html.erb within layouts/application (Duration: 0.3ms | Allocations: 67)
[Webpacker] Everything's up-to-date. Nothing to do
  Rendered layout layouts/application.html.erb (Duration: 13.3ms | Allocations: 3702)
Completed 200 OK in 15ms (Views: 14.5ms | ActiveRecord: 0.0ms | Allocations: 4076)


